GROUP,PACKAGE,CLASS,INSTRUCTION_MISSED,INSTRUCTION_COVERED,BRANCH_MISSED,BRANCH_COVERED,LINE_MISSED,LINE_COVERED,COMPLEXITY_MISSED,COMPLEXITY_COVERED,METHOD_MISSED,METHOD_COVERED
Food booking app case study boilerplate,com.learn.foodapp.service,RestaurantService,0,62,0,0,0,11,0,4,0,4
Food booking app case study boilerplate,com.learn.foodapp.repository,RestaurantRepository,20,344,1,11,8,39,1,21,0,16
Food booking app case study boilerplate,com.learn.foodapp.model,Restaurant,0,74,0,0,0,15,0,5,0,5
Food booking app case study boilerplate,com.learn.foodapp.model,Review,0,28,0,0,0,6,0,3,0,3
Food booking app case study boilerplate,com.learn.foodapp.model,Dishes,0,44,0,0,0,9,0,3,0,3
