GROUP,PACKAGE,CLASS,INSTRUCTION_MISSED,INSTRUCTION_COVERED,BRANCH_MISSED,BRANCH_COVERED,LINE_MISSED,LINE_COVERED,COMPLEXITY_MISSED,COMPLEXITY_COVERED,METHOD_MISSED,METHOD_COVERED
Food booking app case study boilerplate,com.learn.foodapp.service,RestaurantService,0,62,0,0,0,11,0,4,0,4
Food booking app case study boilerplate,com.learn.foodapp.repository,RestaurantRepository,20,332,1,11,8,42,1,21,0,16
Food booking app case study boilerplate,com.learn.foodapp.model,Restaurant,40,75,0,0,18,13,11,5,11,5
Food booking app case study boilerplate,com.learn.foodapp.model,Review,11,29,0,0,5,6,3,3,3,3
Food booking app case study boilerplate,com.learn.foodapp.model,Dishes,25,45,0,0,11,8,7,3,7,3
